<?xml version="1.0" encoding="UTF-8"?>
<testsuite name="javaee.demo.angular2.test.blog.BlogServiceTest" time="0" tests="1" errors="0" skipped="1" failures="0">
  <properties>
[...]
</properties>
  <testcase name="getAllArticlesTest" classname="javaee.demo.angular2.test.blog.BlogServiceTest" time="0">
    <skipped/>
    <system-out><![CDATA[17:29:31.277 [main] DEBUG org.springframework.test.context.junit4.SpringJUnit4ClassRunner - SpringJUnit4ClassRunner constructor called with [class javaee.demo.angular2.test.blog.BlogServiceTest]
17:29:31.356 [main] DEBUG org.springframework.test.context.BootstrapUtils - Instantiating CacheAwareContextLoaderDelegate from class [org.springframework.test.context.cache.DefaultCacheAwareContextLoaderDelegate]
17:29:31.405 [main] DEBUG org.springframework.test.context.BootstrapUtils - Instantiating BootstrapContext using constructor [public org.springframework.test.context.support.DefaultBootstrapContext(java.lang.Class,org.springframework.test.context.CacheAwareContextLoaderDelegate)]
17:29:31.466 [main] DEBUG org.springframework.test.context.BootstrapUtils - Instantiating TestContextBootstrapper for test class [javaee.demo.angular2.test.blog.BlogServiceTest] from class [org.springframework.test.context.support.DefaultTestContextBootstrapper]
17:29:31.627 [main] INFO org.springframework.test.context.support.DefaultTestContextBootstrapper - Neither @ContextConfiguration nor @ContextHierarchy found for test class [javaee.demo.angular2.test.blog.BlogServiceTest], using DelegatingSmartContextLoader
17:29:31.639 [main] DEBUG org.springframework.test.context.support.AbstractDelegatingSmartContextLoader - Delegating to GenericXmlContextLoader to process context configuration [ContextConfigurationAttributes@22a67b4 declaringClass = 'javaee.demo.angular2.test.blog.BlogServiceTest', classes = '{}', locations = '{}', inheritLocations = false, initializers = '{}', inheritInitializers = true, name = [null], contextLoaderClass = 'org.springframework.test.context.ContextLoader'].
17:29:31.651 [main] DEBUG org.springframework.test.context.support.AbstractContextLoader - Did not detect default resource location for test class [javaee.demo.angular2.test.blog.BlogServiceTest]: class path resource [javaee/demo/angular2/test/blog/BlogServiceTest-context.xml] does not exist
17:29:31.652 [main] INFO org.springframework.test.context.support.AbstractContextLoader - Could not detect default resource locations for test class [javaee.demo.angular2.test.blog.BlogServiceTest]: no resource found for suffixes {-context.xml}.
17:29:31.653 [main] DEBUG org.springframework.test.context.support.AbstractDelegatingSmartContextLoader - Delegating to AnnotationConfigContextLoader to process context configuration [ContextConfigurationAttributes@22a67b4 declaringClass = 'javaee.demo.angular2.test.blog.BlogServiceTest', classes = '{}', locations = '{}', inheritLocations = false, initializers = '{}', inheritInitializers = true, name = [null], contextLoaderClass = 'org.springframework.test.context.ContextLoader'].
17:29:31.656 [main] INFO org.springframework.test.context.support.AnnotationConfigContextLoaderUtils - Could not detect default configuration classes for test class [javaee.demo.angular2.test.blog.BlogServiceTest]: BlogServiceTest does not declare any static, non-private, non-final, nested classes annotated with @Configuration.
17:29:32.103 [main] DEBUG org.springframework.test.context.support.ActiveProfilesUtils - Could not find an 'annotation declaring class' for annotation type [org.springframework.test.context.ActiveProfiles] and class [javaee.demo.angular2.test.blog.BlogServiceTest]
17:29:32.106 [main] DEBUG org.springframework.test.context.support.DefaultTestContextBootstrapper - @TestExecutionListeners is not present for class [javaee.demo.angular2.test.blog.BlogServiceTest]: using defaults.
17:29:32.152 [main] INFO org.springframework.test.context.support.DefaultTestContextBootstrapper - Loaded default TestExecutionListener class names from location [META-INF/spring.factories]: [org.springframework.boot.test.mock.mockito.MockitoTestExecutionListener, org.springframework.boot.test.mock.mockito.ResetMocksTestExecutionListener, org.springframework.boot.test.autoconfigure.restdocs.RestDocsTestExecutionListener, org.springframework.boot.test.autoconfigure.web.client.MockRestServiceServerResetTestExecutionListener, org.springframework.boot.test.autoconfigure.web.servlet.MockMvcPrintOnlyOnFailureTestExecutionListener, org.springframework.boot.test.autoconfigure.web.servlet.WebDriverTestExecutionListener, org.springframework.test.context.web.ServletTestExecutionListener, org.springframework.test.context.support.DirtiesContextBeforeModesTestExecutionListener, org.springframework.test.context.support.DependencyInjectionTestExecutionListener, org.springframework.test.context.support.DirtiesContextTestExecutionListener, org.springframework.test.context.transaction.TransactionalTestExecutionListener, org.springframework.test.context.jdbc.SqlScriptsTestExecutionListener]
17:29:32.238 [main] INFO org.springframework.test.context.support.DefaultTestContextBootstrapper - Using TestExecutionListeners: [org.springframework.test.context.web.ServletTestExecutionListener@382db087, org.springframework.test.context.support.DirtiesContextBeforeModesTestExecutionListener@73d4cc9e, org.springframework.test.context.support.DependencyInjectionTestExecutionListener@80169cf, org.springframework.test.context.support.DirtiesContextTestExecutionListener@5427c60c, org.springframework.test.context.transaction.TransactionalTestExecutionListener@15bfd87, org.springframework.test.context.jdbc.SqlScriptsTestExecutionListener@543e710e, org.springframework.boot.test.autoconfigure.restdocs.RestDocsTestExecutionListener@57f23557, org.springframework.boot.test.mock.mockito.MockitoTestExecutionListener@3d0f8e03, org.springframework.boot.test.autoconfigure.web.client.MockRestServiceServerResetTestExecutionListener@6366ebe0, org.springframework.boot.test.mock.mockito.ResetMocksTestExecutionListener@44f75083, org.springframework.boot.test.autoconfigure.web.servlet.WebDriverTestExecutionListener@2698dc7, org.springframework.boot.test.autoconfigure.web.servlet.MockMvcPrintOnlyOnFailureTestExecutionListener@43d7741f]
17:29:32.519 [main] DEBUG org.springframework.test.context.junit4.SpringJUnit4ClassRunner - SpringJUnit4ClassRunner constructor called with [class javaee.demo.angular2.test.web.DavisControllerTest]
17:29:32.520 [main] DEBUG org.springframework.test.context.BootstrapUtils - Instantiating CacheAwareContextLoaderDelegate from class [org.springframework.test.context.cache.DefaultCacheAwareContextLoaderDelegate]
17:29:32.521 [main] DEBUG org.springframework.test.context.BootstrapUtils - Instantiating BootstrapContext using constructor [public org.springframework.test.context.support.DefaultBootstrapContext(java.lang.Class,org.springframework.test.context.CacheAwareContextLoaderDelegate)]
17:29:32.530 [main] DEBUG org.springframework.test.context.BootstrapUtils - Instantiating TestContextBootstrapper for test class [javaee.demo.angular2.test.web.DavisControllerTest] from class [org.springframework.boot.test.context.SpringBootTestContextBootstrapper]
17:29:32.561 [main] INFO org.springframework.boot.test.context.SpringBootTestContextBootstrapper - Neither @ContextConfiguration nor @ContextHierarchy found for test class [javaee.demo.angular2.test.web.DavisControllerTest], using SpringBootContextLoader
17:29:32.563 [main] DEBUG org.springframework.test.context.support.AbstractContextLoader - Did not detect default resource location for test class [javaee.demo.angular2.test.web.DavisControllerTest]: class path resource [javaee/demo/angular2/test/web/DavisControllerTest-context.xml] does not exist
17:29:32.564 [main] DEBUG org.springframework.test.context.support.AbstractContextLoader - Did not detect default resource location for test class [javaee.demo.angular2.test.web.DavisControllerTest]: class path resource [javaee/demo/angular2/test/web/DavisControllerTestContext.groovy] does not exist
17:29:32.565 [main] INFO org.springframework.test.context.support.AbstractContextLoader - Could not detect default resource locations for test class [javaee.demo.angular2.test.web.DavisControllerTest]: no resource found for suffixes {-context.xml, Context.groovy}.
17:29:32.629 [main] DEBUG org.springframework.test.context.support.ActiveProfilesUtils - Could not find an 'annotation declaring class' for annotation type [org.springframework.test.context.ActiveProfiles] and class [javaee.demo.angular2.test.web.DavisControllerTest]
17:29:32.672 [main] DEBUG org.springframework.boot.test.context.SpringBootTestContextBootstrapper - @TestExecutionListeners is not present for class [javaee.demo.angular2.test.web.DavisControllerTest]: using defaults.
17:29:32.678 [main] INFO org.springframework.boot.test.context.SpringBootTestContextBootstrapper - Loaded default TestExecutionListener class names from location [META-INF/spring.factories]: [org.springframework.boot.test.mock.mockito.MockitoTestExecutionListener, org.springframework.boot.test.mock.mockito.ResetMocksTestExecutionListener, org.springframework.boot.test.autoconfigure.restdocs.RestDocsTestExecutionListener, org.springframework.boot.test.autoconfigure.web.client.MockRestServiceServerResetTestExecutionListener, org.springframework.boot.test.autoconfigure.web.servlet.MockMvcPrintOnlyOnFailureTestExecutionListener, org.springframework.boot.test.autoconfigure.web.servlet.WebDriverTestExecutionListener, org.springframework.test.context.web.ServletTestExecutionListener, org.springframework.test.context.support.DirtiesContextBeforeModesTestExecutionListener, org.springframework.test.context.support.DependencyInjectionTestExecutionListener, org.springframework.test.context.support.DirtiesContextTestExecutionListener, org.springframework.test.context.transaction.TransactionalTestExecutionListener, org.springframework.test.context.jdbc.SqlScriptsTestExecutionListener]
17:29:32.691 [main] INFO org.springframework.boot.test.context.SpringBootTestContextBootstrapper - Using TestExecutionListeners: [org.springframework.test.context.web.ServletTestExecutionListener@212bf671, org.springframework.test.context.support.DirtiesContextBeforeModesTestExecutionListener@14a2f921, org.springframework.boot.test.autoconfigure.SpringBootDependencyInjectionTestExecutionListener@3c87521, org.springframework.test.context.support.DirtiesContextTestExecutionListener@2aece37d, org.springframework.test.context.transaction.TransactionalTestExecutionListener@548a102f, org.springframework.test.context.jdbc.SqlScriptsTestExecutionListener@5762806e, org.springframework.boot.test.autoconfigure.restdocs.RestDocsTestExecutionListener@17c386de, org.springframework.boot.test.mock.mockito.MockitoTestExecutionListener@5af97850, org.springframework.boot.test.autoconfigure.web.client.MockRestServiceServerResetTestExecutionListener@5ef60048, org.springframework.boot.test.mock.mockito.ResetMocksTestExecutionListener@1d548a08, org.springframework.boot.test.autoconfigure.web.servlet.WebDriverTestExecutionListener@16aa0a0a, org.springframework.boot.test.autoconfigure.web.servlet.MockMvcPrintOnlyOnFailureTestExecutionListener@780cb77]
17:29:32.732 [main] DEBUG org.springframework.test.context.junit4.SpringJUnit4ClassRunner - SpringJUnit4ClassRunner constructor called with [class javaee.demo.angular2.test.web.HelloWorldControllerTest]
17:29:32.734 [main] DEBUG org.springframework.test.context.BootstrapUtils - Instantiating CacheAwareContextLoaderDelegate from class [org.springframework.test.context.cache.DefaultCacheAwareContextLoaderDelegate]
17:29:32.736 [main] DEBUG org.springframework.test.context.BootstrapUtils - Instantiating BootstrapContext using constructor [public org.springframework.test.context.support.DefaultBootstrapContext(java.lang.Class,org.springframework.test.context.CacheAwareContextLoaderDelegate)]
17:29:32.743 [main] DEBUG org.springframework.test.context.BootstrapUtils - Instantiating TestContextBootstrapper for test class [javaee.demo.angular2.test.web.HelloWorldControllerTest] from class [org.springframework.boot.test.autoconfigure.web.servlet.WebMvcTestContextBootstrapper]
17:29:32.815 [main] INFO org.springframework.boot.test.autoconfigure.web.servlet.WebMvcTestContextBootstrapper - Neither @ContextConfiguration nor @ContextHierarchy found for test class [javaee.demo.angular2.test.web.HelloWorldControllerTest], using SpringBootContextLoader
17:29:32.840 [main] DEBUG org.springframework.test.context.support.AbstractContextLoader - Did not detect default resource location for test class [javaee.demo.angular2.test.web.HelloWorldControllerTest]: class path resource [javaee/demo/angular2/test/web/HelloWorldControllerTest-context.xml] does not exist
17:29:32.843 [main] DEBUG org.springframework.test.context.support.AbstractContextLoader - Did not detect default resource location for test class [javaee.demo.angular2.test.web.HelloWorldControllerTest]: class path resource [javaee/demo/angular2/test/web/HelloWorldControllerTestContext.groovy] does not exist
17:29:32.858 [main] INFO org.springframework.test.context.support.AbstractContextLoader - Could not detect default resource locations for test class [javaee.demo.angular2.test.web.HelloWorldControllerTest]: no resource found for suffixes {-context.xml, Context.groovy}.
17:29:32.866 [main] INFO org.springframework.test.context.support.AnnotationConfigContextLoaderUtils - Could not detect default configuration classes for test class [javaee.demo.angular2.test.web.HelloWorldControllerTest]: HelloWorldControllerTest does not declare any static, non-private, non-final, nested classes annotated with @Configuration.
17:29:33.006 [main] DEBUG org.springframework.test.context.support.ActiveProfilesUtils - Could not find an 'annotation declaring class' for annotation type [org.springframework.test.context.ActiveProfiles] and class [javaee.demo.angular2.test.web.HelloWorldControllerTest]
17:29:33.093 [main] DEBUG org.springframework.core.env.StandardEnvironment - Adding [systemProperties] PropertySource with lowest search precedence
17:29:33.105 [main] DEBUG org.springframework.core.env.StandardEnvironment - Adding [systemEnvironment] PropertySource with lowest search precedence
17:29:33.109 [main] DEBUG org.springframework.core.env.StandardEnvironment - Initialized StandardEnvironment with PropertySources [systemProperties,systemEnvironment]
17:29:33.192 [main] DEBUG org.springframework.core.io.support.PathMatchingResourcePatternResolver - Resolved classpath location [javaee/demo/angular2/test/web/] to resources [URL [file:/Users/yehoshuamatamorosvalverde/Documents/Angular2WithJava/server/target/test-classes/javaee/demo/angular2/test/web/]]
17:29:33.194 [main] DEBUG org.springframework.core.io.support.PathMatchingResourcePatternResolver - Looking for matching resources in directory tree [/Users/yehoshuamatamorosvalverde/Documents/Angular2WithJava/server/target/test-classes/javaee/demo/angular2/test/web]
17:29:33.212 [main] DEBUG org.springframework.core.io.support.PathMatchingResourcePatternResolver - Searching directory [/Users/yehoshuamatamorosvalverde/Documents/Angular2WithJava/server/target/test-classes/javaee/demo/angular2/test/web] for files matching pattern [/Users/yehoshuamatamorosvalverde/Documents/Angular2WithJava/server/target/test-classes/javaee/demo/angular2/test/web/*.class]
17:29:33.231 [main] DEBUG org.springframework.core.io.support.PathMatchingResourcePatternResolver - Resolved location pattern [classpath*:javaee/demo/angular2/test/web/*.class] to resources [file [/Users/yehoshuamatamorosvalverde/Documents/Angular2WithJava/server/target/test-classes/javaee/demo/angular2/test/web/DavisControllerTest.class], file [/Users/yehoshuamatamorosvalverde/Documents/Angular2WithJava/server/target/test-classes/javaee/demo/angular2/test/web/HelloWorldControllerTest.class]]
17:29:33.313 [main] DEBUG org.springframework.core.io.support.PathMatchingResourcePatternResolver - Resolved classpath location [javaee/demo/angular2/test/] to resources [URL [file:/Users/yehoshuamatamorosvalverde/Documents/Angular2WithJava/server/target/test-classes/javaee/demo/angular2/test/]]
17:29:33.314 [main] DEBUG org.springframework.core.io.support.PathMatchingResourcePatternResolver - Looking for matching resources in directory tree [/Users/yehoshuamatamorosvalverde/Documents/Angular2WithJava/server/target/test-classes/javaee/demo/angular2/test]
17:29:33.315 [main] DEBUG org.springframework.core.io.support.PathMatchingResourcePatternResolver - Searching directory [/Users/yehoshuamatamorosvalverde/Documents/Angular2WithJava/server/target/test-classes/javaee/demo/angular2/test] for files matching pattern [/Users/yehoshuamatamorosvalverde/Documents/Angular2WithJava/server/target/test-classes/javaee/demo/angular2/test/*.class]
17:29:33.317 [main] DEBUG org.springframework.core.io.support.PathMatchingResourcePatternResolver - Resolved location pattern [classpath*:javaee/demo/angular2/test/*.class] to resources [file [/Users/yehoshuamatamorosvalverde/Documents/Angular2WithJava/server/target/test-classes/javaee/demo/angular2/test/ApplicationTest.class]]
17:29:33.352 [main] DEBUG org.springframework.context.annotation.ClassPathScanningCandidateComponentProvider - Identified candidate component class: file [/Users/yehoshuamatamorosvalverde/Documents/Angular2WithJava/server/target/test-classes/javaee/demo/angular2/test/ApplicationTest.class]
17:29:33.353 [main] INFO org.springframework.boot.test.context.SpringBootTestContextBootstrapper - Found @SpringBootConfiguration javaee.demo.angular2.test.ApplicationTest for test class javaee.demo.angular2.test.web.HelloWorldControllerTest
17:29:33.368 [main] DEBUG org.springframework.boot.test.autoconfigure.web.servlet.WebMvcTestContextBootstrapper - @TestExecutionListeners is not present for class [javaee.demo.angular2.test.web.HelloWorldControllerTest]: using defaults.
17:29:33.376 [main] INFO org.springframework.boot.test.autoconfigure.web.servlet.WebMvcTestContextBootstrapper - Loaded default TestExecutionListener class names from location [META-INF/spring.factories]: [org.springframework.boot.test.mock.mockito.MockitoTestExecutionListener, org.springframework.boot.test.mock.mockito.ResetMocksTestExecutionListener, org.springframework.boot.test.autoconfigure.restdocs.RestDocsTestExecutionListener, org.springframework.boot.test.autoconfigure.web.client.MockRestServiceServerResetTestExecutionListener, org.springframework.boot.test.autoconfigure.web.servlet.MockMvcPrintOnlyOnFailureTestExecutionListener, org.springframework.boot.test.autoconfigure.web.servlet.WebDriverTestExecutionListener, org.springframework.test.context.web.ServletTestExecutionListener, org.springframework.test.context.support.DirtiesContextBeforeModesTestExecutionListener, org.springframework.test.context.support.DependencyInjectionTestExecutionListener, org.springframework.test.context.support.DirtiesContextTestExecutionListener, org.springframework.test.context.transaction.TransactionalTestExecutionListener, org.springframework.test.context.jdbc.SqlScriptsTestExecutionListener]
17:29:33.398 [main] INFO org.springframework.boot.test.autoconfigure.web.servlet.WebMvcTestContextBootstrapper - Using TestExecutionListeners: [org.springframework.test.context.web.ServletTestExecutionListener@6fe7aac8, org.springframework.test.context.support.DirtiesContextBeforeModesTestExecutionListener@1d119efb, org.springframework.boot.test.autoconfigure.SpringBootDependencyInjectionTestExecutionListener@659a969b, org.springframework.test.context.support.DirtiesContextTestExecutionListener@76908cc0, org.springframework.test.context.transaction.TransactionalTestExecutionListener@2473d930, org.springframework.test.context.jdbc.SqlScriptsTestExecutionListener@35047d03, org.springframework.boot.test.autoconfigure.restdocs.RestDocsTestExecutionListener@49b0b76, org.springframework.boot.test.mock.mockito.MockitoTestExecutionListener@769f71a9, org.springframework.boot.test.autoconfigure.web.client.MockRestServiceServerResetTestExecutionListener@4c9f8c13, org.springframework.boot.test.mock.mockito.ResetMocksTestExecutionListener@5ae50ce6, org.springframework.boot.test.autoconfigure.web.servlet.WebDriverTestExecutionListener@6f96c77, org.springframework.boot.test.autoconfigure.web.servlet.MockMvcPrintOnlyOnFailureTestExecutionListener@be64738]
17:29:33.444 [main] DEBUG org.springframework.test.annotation.ProfileValueUtils - Retrieved @ProfileValueSourceConfiguration [null] for test class [javaee.demo.angular2.test.blog.BlogServiceTest]
17:29:33.446 [main] DEBUG org.springframework.test.annotation.ProfileValueUtils - Retrieved ProfileValueSource type [class org.springframework.test.annotation.SystemProfileValueSource] for class [javaee.demo.angular2.test.blog.BlogServiceTest]
17:29:33.460 [main] DEBUG org.springframework.test.annotation.ProfileValueUtils - Retrieved @ProfileValueSourceConfiguration [null] for test class [javaee.demo.angular2.test.web.DavisControllerTest]
17:29:33.462 [main] DEBUG org.springframework.test.annotation.ProfileValueUtils - Retrieved ProfileValueSource type [class org.springframework.test.annotation.SystemProfileValueSource] for class [javaee.demo.angular2.test.web.DavisControllerTest]
17:29:33.495 [main] DEBUG org.springframework.test.annotation.ProfileValueUtils - Retrieved @ProfileValueSourceConfiguration [null] for test class [javaee.demo.angular2.test.web.HelloWorldControllerTest]
17:29:33.500 [main] DEBUG org.springframework.test.annotation.ProfileValueUtils - Retrieved ProfileValueSource type [class org.springframework.test.annotation.SystemProfileValueSource] for class [javaee.demo.angular2.test.web.HelloWorldControllerTest]
17:29:33.536 [main] DEBUG org.springframework.test.context.junit4.SpringJUnit4ClassRunner - SpringJUnit4ClassRunner constructor called with [class javaee.demo.angular2.test.blog.BlogServiceTest]
17:29:33.537 [main] DEBUG org.springframework.test.context.BootstrapUtils - Instantiating CacheAwareContextLoaderDelegate from class [org.springframework.test.context.cache.DefaultCacheAwareContextLoaderDelegate]
17:29:33.537 [main] DEBUG org.springframework.test.context.BootstrapUtils - Instantiating BootstrapContext using constructor [public org.springframework.test.context.support.DefaultBootstrapContext(java.lang.Class,org.springframework.test.context.CacheAwareContextLoaderDelegate)]
17:29:33.540 [main] DEBUG org.springframework.test.context.BootstrapUtils - Instantiating TestContextBootstrapper for test class [javaee.demo.angular2.test.blog.BlogServiceTest] from class [org.springframework.test.context.support.DefaultTestContextBootstrapper]
17:29:33.545 [main] INFO org.springframework.test.context.support.DefaultTestContextBootstrapper - Neither @ContextConfiguration nor @ContextHierarchy found for test class [javaee.demo.angular2.test.blog.BlogServiceTest], using DelegatingSmartContextLoader
17:29:33.550 [main] DEBUG org.springframework.test.context.support.AbstractDelegatingSmartContextLoader - Delegating to GenericXmlContextLoader to process context configuration [ContextConfigurationAttributes@17046283 declaringClass = 'javaee.demo.angular2.test.blog.BlogServiceTest', classes = '{}', locations = '{}', inheritLocations = false, initializers = '{}', inheritInitializers = true, name = [null], contextLoaderClass = 'org.springframework.test.context.ContextLoader'].
17:29:33.552 [main] DEBUG org.springframework.test.context.support.AbstractContextLoader - Did not detect default resource location for test class [javaee.demo.angular2.test.blog.BlogServiceTest]: class path resource [javaee/demo/angular2/test/blog/BlogServiceTest-context.xml] does not exist
17:29:33.553 [main] INFO org.springframework.test.context.support.AbstractContextLoader - Could not detect default resource locations for test class [javaee.demo.angular2.test.blog.BlogServiceTest]: no resource found for suffixes {-context.xml}.
17:29:33.558 [main] DEBUG org.springframework.test.context.support.AbstractDelegatingSmartContextLoader - Delegating to AnnotationConfigContextLoader to process context configuration [ContextConfigurationAttributes@17046283 declaringClass = 'javaee.demo.angular2.test.blog.BlogServiceTest', classes = '{}', locations = '{}', inheritLocations = false, initializers = '{}', inheritInitializers = true, name = [null], contextLoaderClass = 'org.springframework.test.context.ContextLoader'].
17:29:33.563 [main] INFO org.springframework.test.context.support.AnnotationConfigContextLoaderUtils - Could not detect default configuration classes for test class [javaee.demo.angular2.test.blog.BlogServiceTest]: BlogServiceTest does not declare any static, non-private, non-final, nested classes annotated with @Configuration.
17:29:33.617 [main] DEBUG org.springframework.test.context.support.ActiveProfilesUtils - Could not find an 'annotation declaring class' for annotation type [org.springframework.test.context.ActiveProfiles] and class [javaee.demo.angular2.test.blog.BlogServiceTest]
17:29:33.618 [main] DEBUG org.springframework.test.context.support.DefaultTestContextBootstrapper - @TestExecutionListeners is not present for class [javaee.demo.angular2.test.blog.BlogServiceTest]: using defaults.
17:29:33.626 [main] INFO org.springframework.test.context.support.DefaultTestContextBootstrapper - Loaded default TestExecutionListener class names from location [META-INF/spring.factories]: [org.springframework.boot.test.mock.mockito.MockitoTestExecutionListener, org.springframework.boot.test.mock.mockito.ResetMocksTestExecutionListener, org.springframework.boot.test.autoconfigure.restdocs.RestDocsTestExecutionListener, org.springframework.boot.test.autoconfigure.web.client.MockRestServiceServerResetTestExecutionListener, org.springframework.boot.test.autoconfigure.web.servlet.MockMvcPrintOnlyOnFailureTestExecutionListener, org.springframework.boot.test.autoconfigure.web.servlet.WebDriverTestExecutionListener, org.springframework.test.context.web.ServletTestExecutionListener, org.springframework.test.context.support.DirtiesContextBeforeModesTestExecutionListener, org.springframework.test.context.support.DependencyInjectionTestExecutionListener, org.springframework.test.context.support.DirtiesContextTestExecutionListener, org.springframework.test.context.transaction.TransactionalTestExecutionListener, org.springframework.test.context.jdbc.SqlScriptsTestExecutionListener]
17:29:33.687 [main] INFO org.springframework.test.context.support.DefaultTestContextBootstrapper - Using TestExecutionListeners: [org.springframework.test.context.web.ServletTestExecutionListener@636be97c, org.springframework.test.context.support.DirtiesContextBeforeModesTestExecutionListener@50a638b5, org.springframework.test.context.support.DependencyInjectionTestExecutionListener@1817d444, org.springframework.test.context.support.DirtiesContextTestExecutionListener@6ca8564a, org.springframework.test.context.transaction.TransactionalTestExecutionListener@50b472aa, org.springframework.test.context.jdbc.SqlScriptsTestExecutionListener@31368b99, org.springframework.boot.test.autoconfigure.restdocs.RestDocsTestExecutionListener@1725dc0f, org.springframework.boot.test.mock.mockito.MockitoTestExecutionListener@3911c2a7, org.springframework.boot.test.autoconfigure.web.client.MockRestServiceServerResetTestExecutionListener@4ac3c60d, org.springframework.boot.test.mock.mockito.ResetMocksTestExecutionListener@4facf68f, org.springframework.boot.test.autoconfigure.web.servlet.WebDriverTestExecutionListener@76508ed1, org.springframework.boot.test.autoconfigure.web.servlet.MockMvcPrintOnlyOnFailureTestExecutionListener@41e36e46]
17:29:33.708 [main] DEBUG org.springframework.test.annotation.ProfileValueUtils - Retrieved @ProfileValueSourceConfiguration [null] for test class [javaee.demo.angular2.test.blog.BlogServiceTest]
17:29:33.709 [main] DEBUG org.springframework.test.annotation.ProfileValueUtils - Retrieved ProfileValueSource type [class org.springframework.test.annotation.SystemProfileValueSource] for class [javaee.demo.angular2.test.blog.BlogServiceTest]
17:29:33.736 [main] DEBUG org.springframework.test.annotation.ProfileValueUtils - Retrieved @ProfileValueSourceConfiguration [null] for test class [javaee.demo.angular2.test.blog.BlogServiceTest]
17:29:33.738 [main] DEBUG org.springframework.test.annotation.ProfileValueUtils - Retrieved ProfileValueSource type [class org.springframework.test.annotation.SystemProfileValueSource] for class [javaee.demo.angular2.test.blog.BlogServiceTest]
]]></system-out>
  </testcase>
</testsuite>