<?xml version="1.0" encoding="UTF-8"?>
<testsuite name="ch.javaee.demo.angular2.test.web.HelloWorldControllerTest" time="0" tests="1" errors="0" skipped="1" failures="0">
  <properties>
[...]
</properties>
  <testcase name="resultListTest" classname="ch.javaee.demo.angular2.test.web.HelloWorldControllerTest" time="0">
    <skipped/>
    <system-out><![CDATA[21:37:50.888 [main] DEBUG org.springframework.test.context.junit4.SpringJUnit4ClassRunner - SpringJUnit4ClassRunner constructor called with [class ch.javaee.demo.angular2.test.web.HelloWorldControllerTest]
21:37:50.888 [main] DEBUG org.springframework.test.context.BootstrapUtils - Instantiating CacheAwareContextLoaderDelegate from class [org.springframework.test.context.cache.DefaultCacheAwareContextLoaderDelegate]
21:37:50.888 [main] DEBUG org.springframework.test.context.BootstrapUtils - Instantiating BootstrapContext using constructor [public org.springframework.test.context.support.DefaultBootstrapContext(java.lang.Class,org.springframework.test.context.CacheAwareContextLoaderDelegate)]
21:37:50.889 [main] DEBUG org.springframework.test.context.BootstrapUtils - Instantiating TestContextBootstrapper for test class [ch.javaee.demo.angular2.test.web.HelloWorldControllerTest] from class [org.springframework.boot.test.autoconfigure.web.servlet.WebMvcTestContextBootstrapper]
21:37:50.890 [main] INFO org.springframework.boot.test.autoconfigure.web.servlet.WebMvcTestContextBootstrapper - Neither @ContextConfiguration nor @ContextHierarchy found for test class [ch.javaee.demo.angular2.test.web.HelloWorldControllerTest], using SpringBootContextLoader
21:37:50.891 [main] DEBUG org.springframework.test.context.support.AbstractContextLoader - Did not detect default resource location for test class [ch.javaee.demo.angular2.test.web.HelloWorldControllerTest]: class path resource [ch/javaee/demo/angular2/test/web/HelloWorldControllerTest-context.xml] does not exist
21:37:50.892 [main] DEBUG org.springframework.test.context.support.AbstractContextLoader - Did not detect default resource location for test class [ch.javaee.demo.angular2.test.web.HelloWorldControllerTest]: class path resource [ch/javaee/demo/angular2/test/web/HelloWorldControllerTestContext.groovy] does not exist
21:37:50.892 [main] INFO org.springframework.test.context.support.AbstractContextLoader - Could not detect default resource locations for test class [ch.javaee.demo.angular2.test.web.HelloWorldControllerTest]: no resource found for suffixes {-context.xml, Context.groovy}.
21:37:50.892 [main] INFO org.springframework.test.context.support.AnnotationConfigContextLoaderUtils - Could not detect default configuration classes for test class [ch.javaee.demo.angular2.test.web.HelloWorldControllerTest]: HelloWorldControllerTest does not declare any static, non-private, non-final, nested classes annotated with @Configuration.
21:37:50.902 [main] DEBUG org.springframework.test.context.support.ActiveProfilesUtils - Could not find an 'annotation declaring class' for annotation type [org.springframework.test.context.ActiveProfiles] and class [ch.javaee.demo.angular2.test.web.HelloWorldControllerTest]
21:37:50.904 [main] DEBUG org.springframework.core.env.StandardEnvironment - Adding [systemProperties] PropertySource with lowest search precedence
21:37:50.905 [main] DEBUG org.springframework.core.env.StandardEnvironment - Adding [systemEnvironment] PropertySource with lowest search precedence
21:37:50.905 [main] DEBUG org.springframework.core.env.StandardEnvironment - Initialized StandardEnvironment with PropertySources [systemProperties,systemEnvironment]
21:37:50.905 [main] INFO org.springframework.boot.test.context.SpringBootTestContextBootstrapper - Found @SpringBootConfiguration ch.javaee.demo.angular2.test.ApplicationTest for test class ch.javaee.demo.angular2.test.web.HelloWorldControllerTest
21:37:50.907 [main] DEBUG org.springframework.boot.test.autoconfigure.web.servlet.WebMvcTestContextBootstrapper - @TestExecutionListeners is not present for class [ch.javaee.demo.angular2.test.web.HelloWorldControllerTest]: using defaults.
21:37:50.909 [main] INFO org.springframework.boot.test.autoconfigure.web.servlet.WebMvcTestContextBootstrapper - Loaded default TestExecutionListener class names from location [META-INF/spring.factories]: [org.springframework.boot.test.mock.mockito.MockitoTestExecutionListener, org.springframework.boot.test.mock.mockito.ResetMocksTestExecutionListener, org.springframework.boot.test.autoconfigure.restdocs.RestDocsTestExecutionListener, org.springframework.boot.test.autoconfigure.web.client.MockRestServiceServerResetTestExecutionListener, org.springframework.boot.test.autoconfigure.web.servlet.MockMvcPrintOnlyOnFailureTestExecutionListener, org.springframework.boot.test.autoconfigure.web.servlet.WebDriverTestExecutionListener, org.springframework.test.context.web.ServletTestExecutionListener, org.springframework.test.context.support.DirtiesContextBeforeModesTestExecutionListener, org.springframework.test.context.support.DependencyInjectionTestExecutionListener, org.springframework.test.context.support.DirtiesContextTestExecutionListener, org.springframework.test.context.transaction.TransactionalTestExecutionListener, org.springframework.test.context.jdbc.SqlScriptsTestExecutionListener]
21:37:50.913 [main] INFO org.springframework.boot.test.autoconfigure.web.servlet.WebMvcTestContextBootstrapper - Using TestExecutionListeners: [org.springframework.test.context.web.ServletTestExecutionListener@6ae5aa72, org.springframework.test.context.support.DirtiesContextBeforeModesTestExecutionListener@222545dc, org.springframework.boot.test.autoconfigure.SpringBootDependencyInjectionTestExecutionListener@5c5eefef, org.springframework.test.context.support.DirtiesContextTestExecutionListener@16293aa2, org.springframework.test.context.transaction.TransactionalTestExecutionListener@5158b42f, org.springframework.test.context.jdbc.SqlScriptsTestExecutionListener@595b007d, org.springframework.boot.test.autoconfigure.restdocs.RestDocsTestExecutionListener@72d1ad2e, org.springframework.boot.test.mock.mockito.MockitoTestExecutionListener@2d7275fc, org.springframework.boot.test.autoconfigure.web.client.MockRestServiceServerResetTestExecutionListener@399f45b1, org.springframework.boot.test.mock.mockito.ResetMocksTestExecutionListener@38c6f217, org.springframework.boot.test.autoconfigure.web.servlet.WebDriverTestExecutionListener@478190fc, org.springframework.boot.test.autoconfigure.web.servlet.MockMvcPrintOnlyOnFailureTestExecutionListener@79e2c065]
21:37:50.915 [main] DEBUG org.springframework.test.annotation.ProfileValueUtils - Retrieved @ProfileValueSourceConfiguration [null] for test class [ch.javaee.demo.angular2.test.web.HelloWorldControllerTest]
21:37:50.921 [main] DEBUG org.springframework.test.annotation.ProfileValueUtils - Retrieved ProfileValueSource type [class org.springframework.test.annotation.SystemProfileValueSource] for class [ch.javaee.demo.angular2.test.web.HelloWorldControllerTest]
21:37:50.921 [main] DEBUG org.springframework.test.annotation.ProfileValueUtils - Retrieved @ProfileValueSourceConfiguration [null] for test class [ch.javaee.demo.angular2.test.web.HelloWorldControllerTest]
21:37:50.922 [main] DEBUG org.springframework.test.annotation.ProfileValueUtils - Retrieved ProfileValueSource type [class org.springframework.test.annotation.SystemProfileValueSource] for class [ch.javaee.demo.angular2.test.web.HelloWorldControllerTest]
]]></system-out>
  </testcase>
</testsuite>