<?xml version="1.0" encoding="UTF-8"?>
<testsuite name="javaee.demo.angular2.test.web.DavisControllerTest" time="0" tests="2" errors="0" skipped="2" failures="0">
  <properties>
[...]
</properties>
  <testcase name="resultListTest" classname="javaee.demo.angular2.test.web.DavisControllerTest" time="0">
    <skipped/>
    <system-out><![CDATA[17:29:33.745 [main] DEBUG org.springframework.test.context.junit4.SpringJUnit4ClassRunner - SpringJUnit4ClassRunner constructor called with [class javaee.demo.angular2.test.web.DavisControllerTest]
17:29:33.758 [main] DEBUG org.springframework.test.context.BootstrapUtils - Instantiating CacheAwareContextLoaderDelegate from class [org.springframework.test.context.cache.DefaultCacheAwareContextLoaderDelegate]
17:29:33.794 [main] DEBUG org.springframework.test.context.BootstrapUtils - Instantiating BootstrapContext using constructor [public org.springframework.test.context.support.DefaultBootstrapContext(java.lang.Class,org.springframework.test.context.CacheAwareContextLoaderDelegate)]
17:29:33.799 [main] DEBUG org.springframework.test.context.BootstrapUtils - Instantiating TestContextBootstrapper for test class [javaee.demo.angular2.test.web.DavisControllerTest] from class [org.springframework.boot.test.context.SpringBootTestContextBootstrapper]
17:29:33.801 [main] INFO org.springframework.boot.test.context.SpringBootTestContextBootstrapper - Neither @ContextConfiguration nor @ContextHierarchy found for test class [javaee.demo.angular2.test.web.DavisControllerTest], using SpringBootContextLoader
17:29:33.804 [main] DEBUG org.springframework.test.context.support.AbstractContextLoader - Did not detect default resource location for test class [javaee.demo.angular2.test.web.DavisControllerTest]: class path resource [javaee/demo/angular2/test/web/DavisControllerTest-context.xml] does not exist
17:29:33.805 [main] DEBUG org.springframework.test.context.support.AbstractContextLoader - Did not detect default resource location for test class [javaee.demo.angular2.test.web.DavisControllerTest]: class path resource [javaee/demo/angular2/test/web/DavisControllerTestContext.groovy] does not exist
17:29:33.805 [main] INFO org.springframework.test.context.support.AbstractContextLoader - Could not detect default resource locations for test class [javaee.demo.angular2.test.web.DavisControllerTest]: no resource found for suffixes {-context.xml, Context.groovy}.
17:29:33.828 [main] DEBUG org.springframework.test.context.support.ActiveProfilesUtils - Could not find an 'annotation declaring class' for annotation type [org.springframework.test.context.ActiveProfiles] and class [javaee.demo.angular2.test.web.DavisControllerTest]
17:29:33.842 [main] DEBUG org.springframework.boot.test.context.SpringBootTestContextBootstrapper - @TestExecutionListeners is not present for class [javaee.demo.angular2.test.web.DavisControllerTest]: using defaults.
17:29:33.857 [main] INFO org.springframework.boot.test.context.SpringBootTestContextBootstrapper - Loaded default TestExecutionListener class names from location [META-INF/spring.factories]: [org.springframework.boot.test.mock.mockito.MockitoTestExecutionListener, org.springframework.boot.test.mock.mockito.ResetMocksTestExecutionListener, org.springframework.boot.test.autoconfigure.restdocs.RestDocsTestExecutionListener, org.springframework.boot.test.autoconfigure.web.client.MockRestServiceServerResetTestExecutionListener, org.springframework.boot.test.autoconfigure.web.servlet.MockMvcPrintOnlyOnFailureTestExecutionListener, org.springframework.boot.test.autoconfigure.web.servlet.WebDriverTestExecutionListener, org.springframework.test.context.web.ServletTestExecutionListener, org.springframework.test.context.support.DirtiesContextBeforeModesTestExecutionListener, org.springframework.test.context.support.DependencyInjectionTestExecutionListener, org.springframework.test.context.support.DirtiesContextTestExecutionListener, org.springframework.test.context.transaction.TransactionalTestExecutionListener, org.springframework.test.context.jdbc.SqlScriptsTestExecutionListener]
17:29:33.886 [main] INFO org.springframework.boot.test.context.SpringBootTestContextBootstrapper - Using TestExecutionListeners: [org.springframework.test.context.web.ServletTestExecutionListener@7334aada, org.springframework.test.context.support.DirtiesContextBeforeModesTestExecutionListener@1d9b7cce, org.springframework.boot.test.autoconfigure.SpringBootDependencyInjectionTestExecutionListener@4d9e68d0, org.springframework.test.context.support.DirtiesContextTestExecutionListener@42e99e4a, org.springframework.test.context.transaction.TransactionalTestExecutionListener@14dd9eb7, org.springframework.test.context.jdbc.SqlScriptsTestExecutionListener@52e6fdee, org.springframework.boot.test.autoconfigure.restdocs.RestDocsTestExecutionListener@6c80d78a, org.springframework.boot.test.mock.mockito.MockitoTestExecutionListener@62150f9e, org.springframework.boot.test.autoconfigure.web.client.MockRestServiceServerResetTestExecutionListener@1a451d4d, org.springframework.boot.test.mock.mockito.ResetMocksTestExecutionListener@7fa98a66, org.springframework.boot.test.autoconfigure.web.servlet.WebDriverTestExecutionListener@15ff3e9e, org.springframework.boot.test.autoconfigure.web.servlet.MockMvcPrintOnlyOnFailureTestExecutionListener@5fdcaa40]
17:29:33.888 [main] DEBUG org.springframework.test.annotation.ProfileValueUtils - Retrieved @ProfileValueSourceConfiguration [null] for test class [javaee.demo.angular2.test.web.DavisControllerTest]
17:29:33.889 [main] DEBUG org.springframework.test.annotation.ProfileValueUtils - Retrieved ProfileValueSource type [class org.springframework.test.annotation.SystemProfileValueSource] for class [javaee.demo.angular2.test.web.DavisControllerTest]
17:29:33.889 [main] DEBUG org.springframework.test.annotation.ProfileValueUtils - Retrieved @ProfileValueSourceConfiguration [null] for test class [javaee.demo.angular2.test.web.DavisControllerTest]
17:29:33.889 [main] DEBUG org.springframework.test.annotation.ProfileValueUtils - Retrieved ProfileValueSource type [class org.springframework.test.annotation.SystemProfileValueSource] for class [javaee.demo.angular2.test.web.DavisControllerTest]
]]></system-out>
  </testcase>
  <testcase name="resultYearTest" classname="javaee.demo.angular2.test.web.DavisControllerTest" time="0">
    <skipped/>
  </testcase>
</testsuite>